Using pre-set license
Gtk-Message: 18:22:20.015: Failed to load module "canberra-gtk-module"
Gtk-Message: 18:22:20.015: Failed to load module "pk-gtk-module"
Gtk-Message: 18:22:20.015: Failed to load module "canberra-gtk-module"
Gtk-Message: 18:22:20.015: Failed to load module "pk-gtk-module"
Desktop is 1920 x 1080 @ 60 Hz

 COMMAND LINE ARGUMENTS:
Unity
-adb2
-batchMode
-noUpm
-name
AssetImportWorker0
-projectPath
/home/GileadCosman/Vision-Game
-logFile
Logs/AssetImportWorker0.log
-srvPort
45671
Successfully changed project path to: /home/GileadCosman/Vision-Game
/home/GileadCosman/Vision-Game
Using Asset Import Pipeline V2.
Refreshing native plugins compatible for Editor in 150.55 ms, found 0 plugins.
Preloading 0 native plugins for Editor in 0.00 ms.
Initialize engine version: 2020.2.3f1 (8ff31bc5bf5b)
[Subsystems] Discovering subsystems at path /home/GileadCosman/Unity/Hub/Editor/2020.2.3f1/Editor/Data/Resources/UnitySubsystems
[Subsystems] Discovering subsystems at path /home/GileadCosman/Vision-Game/Assets
GLX Extensions: GLX_ARB_create_context GLX_ARB_create_context_no_error GLX_ARB_create_context_profile GLX_ARB_fbconfig_float GLX_ARB_framebuffer_sRGB GLX_ARB_get_proc_address GLX_ARB_multisample GLX_EXT_buffer_age GLX_EXT_create_context_es2_profile GLX_EXT_create_context_es_profile GLX_EXT_fbconfig_packed_float GLX_EXT_framebuffer_sRGB GLX_EXT_import_context GLX_EXT_swap_control GLX_EXT_swap_control_tear GLX_EXT_texture_from_pixmap GLX_EXT_visual_info GLX_EXT_visual_rating GLX_MESA_copy_sub_buffer GLX_MESA_query_renderer GLX_MESA_swap_control GLX_OML_swap_method GLX_OML_sync_control GLX_SGIS_multisample GLX_SGIX_fbconfig GLX_SGIX_pbuffer GLX_SGIX_visual_select_group GLX_SGI_make_current_read GLX_SGI_video_sync 
Renderer: Mesa DRI Intel(R) UHD Graphics 620 (WHL GT2)
Vendor:   Intel Open Source Technology Center
Version:  4.6 (Core Profile) Mesa 20.3.4 (git-6d8c68603f)
GLES:     0
 GL_3DFX_texture_compression_FXT1 GL_AMD_conservative_depth GL_AMD_depth_clamp_separate GL_AMD_draw_buffers_blend GL_AMD_gpu_shader_int64 GL_AMD_multi_draw_indirect GL_AMD_query_buffer_object GL_AMD_seamless_cubemap_per_texture GL_AMD_shader_stencil_export GL_AMD_shader_trinary_minmax GL_AMD_texture_texture4 GL_AMD_vertex_shader_layer GL_AMD_vertex_shader_viewport_index GL_ANGLE_texture_compression_dxt3 GL_ANGLE_texture_compression_dxt5 GL_APPLE_object_purgeable GL_ARB_ES2_compatibility GL_ARB_ES3_1_compatibility GL_ARB_ES3_2_compatibility GL_ARB_ES3_compatibility GL_ARB_arrays_of_arrays GL_ARB_base_instance GL_ARB_blend_func_extended GL_ARB_buffer_storage GL_ARB_clear_buffer_object GL_ARB_clear_texture GL_ARB_clip_control GL_ARB_compressed_texture_pixel_storage GL_ARB_compute_shader GL_ARB_compute_variable_group_size GL_ARB_conditional_render_inverted GL_ARB_conservative_depth GL_ARB_copy_buffer GL_ARB_copy_image GL_ARB_cull_distance GL_ARB_debug_output GL_ARB_depth_buffer_float GL_ARB_depth_clamp GL_ARB_de
rivative_control GL_ARB_direct_state_access GL_ARB_draw_buffers GL_ARB_draw_buffers_blend GL_ARB_draw_elements_base_vertex GL_ARB_draw_indirect GL_ARB_draw_instanced GL_ARB_enhanced_layouts GL_ARB_explicit_attrib_location GL_ARB_explicit_uniform_location GL_ARB_fragment_coord_conventions GL_ARB_fragment_layer_viewport GL_ARB_fragment_shader GL_ARB_fragment_shader_interlock GL_ARB_framebuffer_no_attachments GL_ARB_framebuffer_object GL_ARB_framebuffer_sRGB GL_ARB_get_program_binary GL_ARB_get_texture_sub_image GL_ARB_gl_spirv GL_ARB_gpu_shader5 GL_ARB_gpu_shader_fp64 GL_ARB_gpu_shader_int64 GL_ARB_half_float_pixel GL_ARB_half_float_vertex GL_ARB_indirect_parameters GL_ARB_instanced_arrays GL_ARB_internalformat_query GL_ARB_internalformat_query2 GL_ARB_invalidate_subdata GL_ARB_map_buffer_alignment GL_ARB_map_buffer_range GL_ARB_multi_bind GL_ARB_multi_draw_indirect GL_ARB_occlusion_query2 GL_ARB_parallel_shader_compile GL_ARB_pipeline_statistics_query GL_ARB_pixel_buffer_object GL_ARB_point_sprite GL_ARB_poly
gon_offset_clamp GL_ARB_post_depth_coverage GL_ARB_program_interface_query GL_ARB_provoking_vertex GL_ARB_query_buffer_object GL_ARB_robust_buffer_access_behavior GL_ARB_robustness GL_ARB_sample_shading GL_ARB_sampler_objects GL_ARB_seamless_cube_map GL_ARB_seamless_cubemap_per_texture GL_ARB_separate_shader_objects GL_ARB_shader_atomic_counter_ops GL_ARB_shader_atomic_counters GL_ARB_shader_ballot GL_ARB_shader_bit_encoding GL_ARB_shader_clock GL_ARB_shader_draw_parameters GL_ARB_shader_group_vote GL_ARB_shader_image_load_store GL_ARB_shader_image_size GL_ARB_shader_objects GL_ARB_shader_precision GL_ARB_shader_stencil_export GL_ARB_shader_storage_buffer_object GL_ARB_shader_subroutine GL_ARB_shader_texture_image_samples GL_ARB_shader_texture_lod GL_ARB_shader_viewport_layer_array GL_ARB_shading_language_420pack GL_ARB_shading_language_include GL_ARB_shading_language_packing GL_ARB_spirv_extensions GL_ARB_stencil_texturing GL_ARB_sync GL_ARB_tessellation_shader GL_ARB_texture_barrier GL_ARB_texture_buffer_o
bject GL_ARB_texture_buffer_object_rgb32 GL_ARB_texture_buffer_range GL_ARB_texture_compression_bptc GL_ARB_texture_compression_rgtc GL_ARB_texture_cube_map_array GL_ARB_texture_filter_anisotropic GL_ARB_texture_float GL_ARB_texture_gather GL_ARB_texture_mirror_clamp_to_edge GL_ARB_texture_multisample GL_ARB_texture_non_power_of_two GL_ARB_texture_query_levels GL_ARB_texture_query_lod GL_ARB_texture_rectangle GL_ARB_texture_rg GL_ARB_texture_rgb10_a2ui GL_ARB_texture_stencil8 GL_ARB_texture_storage GL_ARB_texture_storage_multisample GL_ARB_texture_swizzle GL_ARB_texture_view GL_ARB_timer_query GL_ARB_transform_feedback2 GL_ARB_transform_feedback3 GL_ARB_transform_feedback_instanced GL_ARB_transform_feedback_overflow_query GL_ARB_uniform_buffer_object GL_ARB_vertex_array_bgra GL_ARB_vertex_array_object GL_ARB_vertex_attrib_64bit GL_ARB_vertex_attrib_binding GL_ARB_vertex_buffer_object GL_ARB_vertex_shader GL_ARB_vertex_type_10f_11f_11f_rev GL_ARB_vertex_type_2_10_10_10_rev GL_ARB_viewport_array GL_ATI_blend_e
quation_separate GL_ATI_texture_float GL_EXT_EGL_image_storage GL_EXT_EGL_sync GL_EXT_abgr GL_EXT_blend_equation_separate GL_EXT_demote_to_helper_invocation GL_EXT_draw_buffers2 GL_EXT_draw_instanced GL_EXT_framebuffer_blit GL_EXT_framebuffer_multisample GL_EXT_framebuffer_multisample_blit_scaled GL_EXT_framebuffer_object GL_EXT_framebuffer_sRGB GL_EXT_packed_depth_stencil GL_EXT_packed_float GL_EXT_pixel_buffer_object GL_EXT_polygon_offset_clamp GL_EXT_provoking_vertex GL_EXT_shader_framebuffer_fetch GL_EXT_shader_framebuffer_fetch_non_coherent GL_EXT_shader_integer_mix GL_EXT_shader_samples_identical GL_EXT_texture_array GL_EXT_texture_compression_dxt1 GL_EXT_texture_compression_rgtc GL_EXT_texture_compression_s3tc GL_EXT_texture_filter_anisotropic GL_EXT_texture_integer GL_EXT_texture_sRGB GL_EXT_texture_sRGB_R8 GL_EXT_texture_sRGB_decode GL_EXT_texture_shadow_lod GL_EXT_texture_shared_exponent GL_EXT_texture_snorm GL_EXT_texture_swizzle GL_EXT_timer_query GL_EXT_transform_feedback GL_EXT_vertex_array_bgr
a GL_EXT_vertex_attrib_64bit GL_IBM_multimode_draw_arrays GL_INTEL_blackhole_render GL_INTEL_conservative_rasterization GL_INTEL_performance_query GL_INTEL_shader_atomic_float_minmax GL_INTEL_shader_integer_functions2 GL_KHR_blend_equation_advanced GL_KHR_blend_equation_advanced_coherent GL_KHR_context_flush_control GL_KHR_debug GL_KHR_no_error GL_KHR_parallel_shader_compile GL_KHR_robust_buffer_access_behavior GL_KHR_robustness GL_KHR_texture_compression_astc_ldr GL_KHR_texture_compression_astc_sliced_3d GL_MESA_framebuffer_flip_y GL_MESA_pack_invert GL_MESA_shader_integer_functions GL_MESA_texture_signed_rgba GL_NV_compute_shader_derivatives GL_NV_conditional_render GL_NV_depth_clamp GL_NV_fragment_shader_interlock GL_NV_packed_depth_stencil GL_NV_texture_barrier GL_OES_EGL_image GL_S3_s3tc
OPENGL LOG: Creating OpenGL 4.6 graphics device ; Context level  <OpenGL 4.5> ; Context handle -43704320
Shader 'Universal Render Pipeline/Particles/Lit': fallback shader 'Universal Render Pipeline/Particles/SimpleLit' not found
Initialize mono
Mono path[0] = '/home/GileadCosman/Unity/Hub/Editor/2020.2.3f1/Editor/Data/Managed'
Mono path[1] = '/home/GileadCosman/Unity/Hub/Editor/2020.2.3f1/Editor/Data/MonoBleedingEdge/lib/mono/unityjit'
Mono config path = '/home/GileadCosman/Unity/Hub/Editor/2020.2.3f1/Editor/Data/MonoBleedingEdge/etc'
Using monoOptions --debugger-agent=transport=dt_socket,embedding=1,server=y,suspend=n,address=127.0.0.1:56174
Begin MonoManager ReloadAssembly
Registering precompiled unity dll's ...
Register platform support module: /home/GileadCosman/Unity/Hub/Editor/2020.2.3f1/Editor/Data/PlaybackEngines/MacStandaloneSupport/UnityEditor.OSXStandalone.Extensions.dll
Register platform support module: /home/GileadCosman/Unity/Hub/Editor/2020.2.3f1/Editor/Data/PlaybackEngines/WindowsStandaloneSupport/UnityEditor.WindowsStandalone.Extensions.dll
Register platform support module: /home/GileadCosman/Unity/Hub/Editor/2020.2.3f1/Editor/Data/PlaybackEngines/LinuxStandaloneSupport/UnityEditor.LinuxStandalone.Extensions.dll
Registered in 0.004439 seconds.
Native extension for LinuxStandalone target not found
Native extension for WindowsStandalone target not found
Native extension for OSXStandalone target not found
Refreshing native plugins compatible for Editor in 123.54 ms, found 0 plugins.
Preloading 0 native plugins for Editor in 0.00 ms.
Invoked RoslynAnalysisRunner static constructor.
RoslynAnalysisRunner will not be running.
RoslynAnalysisRunner has terminated.
Mono: successfully reloaded assembly
- Completed reload, in  1.522 seconds
Platform modules already initialized, skipping
Registering precompiled user dll's ...
Registered in 0.012738 seconds.
Begin MonoManager ReloadAssembly
Native extension for LinuxStandalone target not found
Native extension for WindowsStandalone target not found
Native extension for OSXStandalone target not found
Refreshing native plugins compatible for Editor in 132.92 ms, found 0 plugins.
Preloading 0 native plugins for Editor in 0.00 ms.
Invoked RoslynAnalysisRunner static constructor.
RoslynAnalysisRunner will not be running.
RoslynAnalysisRunner has terminated.
Mono: successfully reloaded assembly
- Completed reload, in  2.889 seconds
Platform modules already initialized, skipping
========================================================================
Worker process is ready to serve import requests
Shader 'Universal Render Pipeline/Particles/Lit': fallback shader 'Universal Render Pipeline/Particles/SimpleLit' not found
Launched and connected shader compiler UnityShaderCompiler after 0.01 seconds
Refreshing native plugins compatible for Editor in 1.42 ms, found 0 plugins.
Preloading 0 native plugins for Editor in 0.00 ms.
Unloading 3192 Unused Serialized files (Serialized files now loaded: 0)
System memory in use before: 141.3 MB.
System memory in use after: 140.7 MB.

Unloading 111 unused Assets to reduce memory usage. Loaded Objects now: 3697.
Total: 58.838363 ms (FindLiveObjects: 0.480316 ms CreateObjectMapping: 0.296814 ms MarkObjects: 57.423277 ms  DeleteObjects: 0.635704 ms)

========================================================================
Received Import Request.
  path: Assets/ProBuilder Data/Default Material Palette.asset
  artifactKey: Guid(a42fb304dbe5a26488594315f1fec6eb) Importer(815301076,1909f56bfc062723c751e8b465ee728b)
Start importing Assets/ProBuilder Data/Default Material Palette.asset using Guid(a42fb304dbe5a26488594315f1fec6eb) Importer(815301076,1909f56bfc062723c751e8b465ee728b)  -> (artifact id: '0f3009529b794f9722f9bfaf39010e00') in 0.009145 seconds
  Import took 0.018036 seconds .

========================================================================
Received Import Request.
  Time since last request: 0.000325 seconds.
  path: Assets/ProBuilder Data/Default Color Palette.asset
  artifactKey: Guid(d7c1d6cc6887c254f82b5d322e6da8dc) Importer(815301076,1909f56bfc062723c751e8b465ee728b)
Start importing Assets/ProBuilder Data/Default Color Palette.asset using Guid(d7c1d6cc6887c254f82b5d322e6da8dc) Importer(815301076,1909f56bfc062723c751e8b465ee728b)  -> (artifact id: '8267d78be67892ca8c9333718a3275e5') in 0.002205 seconds
  Import took 0.009299 seconds .

========================================================================
Received Import Request.
  Time since last request: 0.000339 seconds.
  path: Assets/Prefabs/Object Pool.prefab
  artifactKey: Guid(e64ea620ab6928c41b8ecdf392482f1e) Importer(815301076,1909f56bfc062723c751e8b465ee728b)
Start importing Assets/Prefabs/Object Pool.prefab using Guid(e64ea620ab6928c41b8ecdf392482f1e) Importer(815301076,1909f56bfc062723c751e8b465ee728b)  -> (artifact id: '40a36f3bfbe9212a24d8eedcc3bcaad0') in 0.026045 seconds
  Import took 0.033843 seconds .

========================================================================
Received Import Request.
  Time since last request: 0.000334 seconds.
  path: Assets/Prefabs/Reflection Probe.prefab
  artifactKey: Guid(e80f8d8370dab174e8c7bd40e64bb7fd) Importer(815301076,1909f56bfc062723c751e8b465ee728b)
Start importing Assets/Prefabs/Reflection Probe.prefab using Guid(e80f8d8370dab174e8c7bd40e64bb7fd) Importer(815301076,1909f56bfc062723c751e8b465ee728b)  -> (artifact id: '516b6a3ea9c4c7a7a7b6a30eae31458e') in 0.020839 seconds
  Import took 0.031778 seconds .

========================================================================
Received Import Request.
  Time since last request: 0.000315 seconds.
  path: Assets/Prefabs/Levels/Level 3.prefab
  artifactKey: Guid(23a9c7a300eb03c489156e12ffbc1d00) Importer(815301076,1909f56bfc062723c751e8b465ee728b)
Start importing Assets/Prefabs/Levels/Level 3.prefab using Guid(23a9c7a300eb03c489156e12ffbc1d00) Importer(815301076,1909f56bfc062723c751e8b465ee728b)  -> (artifact id: '82e251347fb995facb8922e4dd9fcbe8') in 0.467477 seconds
  Import took 0.479193 seconds .

========================================================================
Received Import Request.
  Time since last request: 0.000319 seconds.
  path: Assets/Prefabs/Gameplay Menu.prefab
  artifactKey: Guid(b23ea8c7b6d39444ea6385927f77b664) Importer(815301076,1909f56bfc062723c751e8b465ee728b)
Start importing Assets/Prefabs/Gameplay Menu.prefab using Guid(b23ea8c7b6d39444ea6385927f77b664) Importer(815301076,1909f56bfc062723c751e8b465ee728b)  -> (artifact id: '9c77e2e83a2779a10e28709c43669310') in 0.040356 seconds
  Import took 0.048296 seconds .

========================================================================
Received Import Request.
  Time since last request: 0.000355 seconds.
  path: Assets/Prefabs/Physics Object.prefab
  artifactKey: Guid(99343b054b58b5a48884b69b4773e7e7) Importer(815301076,1909f56bfc062723c751e8b465ee728b)
Start importing Assets/Prefabs/Physics Object.prefab using Guid(99343b054b58b5a48884b69b4773e7e7) Importer(815301076,1909f56bfc062723c751e8b465ee728b)  -> (artifact id: '4e1f9bc8133b8af1422c5d512e08f9a8') in 0.003273 seconds
  Import took 0.010673 seconds .

========================================================================
Received Import Request.
  Time since last request: 0.000281 seconds.
  path: Assets/Prefabs/Level.prefab
  artifactKey: Guid(ec873ad4e9e1c4c419e1062f187bed48) Importer(815301076,1909f56bfc062723c751e8b465ee728b)
Start importing Assets/Prefabs/Level.prefab using Guid(ec873ad4e9e1c4c419e1062f187bed48) Importer(815301076,1909f56bfc062723c751e8b465ee728b)  -> (artifact id: '4a5867d103835e14fee6f7d7160dc179') in 0.061323 seconds
  Import took 0.070099 seconds .

========================================================================
Received Import Request.
  Time since last request: 0.000320 seconds.
  path: Assets/Prefabs/Managers (Prefabs)/Gizmos Manager.prefab
  artifactKey: Guid(5334dd6e99b066841b310c487de7e245) Importer(815301076,1909f56bfc062723c751e8b465ee728b)
Start importing Assets/Prefabs/Managers (Prefabs)/Gizmos Manager.prefab using Guid(5334dd6e99b066841b310c487de7e245) Importer(815301076,1909f56bfc062723c751e8b465ee728b)  -> (artifact id: '61d517a768934df5da1637b35d07f38e') in 0.003240 seconds
  Import took 0.011847 seconds .

========================================================================
Received Import Request.
  Time since last request: 0.000289 seconds.
  path: Assets/Prefabs/Levels/Level 4.prefab
  artifactKey: Guid(b497db8ccb1fee543a61c074910827a8) Importer(815301076,1909f56bfc062723c751e8b465ee728b)
Start importing Assets/Prefabs/Levels/Level 4.prefab using Guid(b497db8ccb1fee543a61c074910827a8) Importer(815301076,1909f56bfc062723c751e8b465ee728b)  -> (artifact id: '27a3f9085c5be6b570197a7961560a7c') in 0.098647 seconds
  Import took 0.110613 seconds .

========================================================================
Received Import Request.
  Time since last request: 0.000289 seconds.
  path: Assets/Prefabs/Gameplay Menu Option.prefab
  artifactKey: Guid(f5daf36ddc926de44a695b7c44104917) Importer(815301076,1909f56bfc062723c751e8b465ee728b)
Start importing Assets/Prefabs/Gameplay Menu Option.prefab using Guid(f5daf36ddc926de44a695b7c44104917) Importer(815301076,1909f56bfc062723c751e8b465ee728b)  -> (artifact id: '83ae1497ea1005c5849ee7d097cd8f63') in 0.032827 seconds
  Import took 0.042929 seconds .

========================================================================
Received Import Request.
  Time since last request: 0.000609 seconds.
  path: Assets/Prefabs/Point Light.prefab
  artifactKey: Guid(b68b4db5c073d28479dfe17f8f535360) Importer(815301076,1909f56bfc062723c751e8b465ee728b)
Start importing Assets/Prefabs/Point Light.prefab using Guid(b68b4db5c073d28479dfe17f8f535360) Importer(815301076,1909f56bfc062723c751e8b465ee728b)  -> (artifact id: '7ded2fae20141042c4f59bfe04970c87') in 0.003526 seconds
  Import took 0.013275 seconds .

========================================================================
Received Import Request.
  Time since last request: 0.000357 seconds.
  path: Assets/Prefabs/Managers (Prefabs)/Game Manager.prefab
  artifactKey: Guid(6a3c4ec60fc7908448540fdcb4fbe5a8) Importer(815301076,1909f56bfc062723c751e8b465ee728b)
Start importing Assets/Prefabs/Managers (Prefabs)/Game Manager.prefab using Guid(6a3c4ec60fc7908448540fdcb4fbe5a8) Importer(815301076,1909f56bfc062723c751e8b465ee728b)  -> (artifact id: 'eefe36c1d6d6cabb92b4ebc8bc5b4932') in 0.011955 seconds
  Import took 0.022205 seconds .

========================================================================
Received Import Request.
  Time since last request: 0.000208 seconds.
  path: Assets/Prefabs/Game Camera.prefab
  artifactKey: Guid(9d156174f4b44ee4d836e11e39e720b8) Importer(815301076,1909f56bfc062723c751e8b465ee728b)
Start importing Assets/Prefabs/Game Camera.prefab using Guid(9d156174f4b44ee4d836e11e39e720b8) Importer(815301076,1909f56bfc062723c751e8b465ee728b)  -> (artifact id: 'e7978ec7aefbe920187b014ef0da1eb1') in 0.025492 seconds
  Import took 0.035796 seconds .

========================================================================
Received Import Request.
  Time since last request: 0.000246 seconds.
  path: Assets/Prefabs/Levels/Level 2.prefab
  artifactKey: Guid(fa9a5eb07bb3ad14db2c854e589e47c5) Importer(815301076,1909f56bfc062723c751e8b465ee728b)
Start importing Assets/Prefabs/Levels/Level 2.prefab using Guid(fa9a5eb07bb3ad14db2c854e589e47c5) Importer(815301076,1909f56bfc062723c751e8b465ee728b)  -> (artifact id: '1be96ed6423a660d123a39a1b47f9692') in 0.079130 seconds
  Import took 0.090401 seconds .

========================================================================
Received Import Request.
  Time since last request: 0.000338 seconds.
  path: Assets/Prefabs/Levels/Level 1.prefab
  artifactKey: Guid(0ef0c1d966a165c4bad0e08fca8625cf) Importer(815301076,1909f56bfc062723c751e8b465ee728b)
Start importing Assets/Prefabs/Levels/Level 1.prefab using Guid(0ef0c1d966a165c4bad0e08fca8625cf) Importer(815301076,1909f56bfc062723c751e8b465ee728b)  -> (artifact id: '061b1d108df126ded27552a6b0264e68') in 0.087303 seconds
  Import took 0.096143 seconds .

========================================================================
Received Import Request.
  Time since last request: 0.000324 seconds.
  path: Assets/Prefabs/Managers (Prefabs)/Save And Load Manager.prefab
  artifactKey: Guid(f88698bbe3037424db2644c53f55aad0) Importer(815301076,1909f56bfc062723c751e8b465ee728b)
Start importing Assets/Prefabs/Managers (Prefabs)/Save And Load Manager.prefab using Guid(f88698bbe3037424db2644c53f55aad0) Importer(815301076,1909f56bfc062723c751e8b465ee728b)  -> (artifact id: 'a57892935ba0d50f0a5009bb37bf07fa') in 0.002453 seconds
  Import took 0.010819 seconds .

========================================================================
Received Import Request.
  Time since last request: 0.001006 seconds.
  path: Assets/Prefabs/Managers (Prefabs)/Input Manager.prefab
  artifactKey: Guid(01b705f99f7cdf64d8b66b12f2bb8171) Importer(815301076,1909f56bfc062723c751e8b465ee728b)
Start importing Assets/Prefabs/Managers (Prefabs)/Input Manager.prefab using Guid(01b705f99f7cdf64d8b66b12f2bb8171) Importer(815301076,1909f56bfc062723c751e8b465ee728b)  -> (artifact id: 'c09b17dc8f826271eab8874e96a07582') in 0.003353 seconds
  Import took 0.013055 seconds .

========================================================================
Received Prepare
Registering precompiled user dll's ...
Registered in 0.009276 seconds.
Begin MonoManager ReloadAssembly
Native extension for LinuxStandalone target not found
Native extension for WindowsStandalone target not found
Native extension for OSXStandalone target not found
Refreshing native plugins compatible for Editor in 1.12 ms, found 0 plugins.
Preloading 0 native plugins for Editor in 0.00 ms.
Warning: Annotation not found!
UnityEngine.StackTraceUtility:ExtractStackTrace () (at /home/bokken/buildslave/unity/build/Runtime/Export/Scripting/StackTrace.cs:37)
UnityEditor.ProBuilder.EditorUtility:SetGizmoIconEnabled (System.Type,bool) (at Library/PackageCache/com.unity.probuilder@4.4.0/Editor/EditorCore/EditorUtility.cs:593)
UnityEditor.ProBuilder.HierarchyListener:.cctor () (at Library/PackageCache/com.unity.probuilder@4.4.0/Editor/EditorCore/HierarchyListener.cs:21)
System.Runtime.CompilerServices.RuntimeHelpers:RunClassConstructor (System.RuntimeTypeHandle)
UnityEditor.EditorAssemblies:ProcessInitializeOnLoadAttributes (System.Type[]) (at /home/bokken/buildslave/unity/build/Editor/Mono/EditorAssemblies.cs:114)

[Library/PackageCache/com.unity.probuilder@4.4.0/Editor/EditorCore/EditorUtility.cs line 593]

Invoked RoslynAnalysisRunner static constructor.
RoslynAnalysisRunner will not be running.
RoslynAnalysisRunner has terminated.
Mono: successfully reloaded assembly
- Completed reload, in  2.330 seconds
Platform modules already initialized, skipping
Shader 'Universal Render Pipeline/Particles/Lit': fallback shader 'Universal Render Pipeline/Particles/SimpleLit' not found
Refreshing native plugins compatible for Editor in 0.94 ms, found 0 plugins.
Preloading 0 native plugins for Editor in 0.00 ms.
Unloading 3001 Unused Serialized files (Serialized files now loaded: 0)
System memory in use before: 134.5 MB.
System memory in use after: 134.6 MB.

Unloading 30 unused Assets to reduce memory usage. Loaded Objects now: 3749.
Total: 58.116998 ms (FindLiveObjects: 0.374296 ms CreateObjectMapping: 0.188912 ms MarkObjects: 57.286014 ms  DeleteObjects: 0.263193 ms)

========================================================================
Received Import Request.
  Time since last request: 653.710710 seconds.
  path: Assets/Prefabs/Objects (Prefabs)/End.prefab
  artifactKey: Guid(d72a5931406d43e43a361afd21bbf631) Importer(815301076,1909f56bfc062723c751e8b465ee728b)
Start importing Assets/Prefabs/Objects (Prefabs)/End.prefab using Guid(d72a5931406d43e43a361afd21bbf631) Importer(815301076,1909f56bfc062723c751e8b465ee728b)  -> (artifact id: 'cda563ff52e2e3ff2ef0c2836b02bd77') in 0.045218 seconds
  Import took 0.052797 seconds .

========================================================================
Received Import Request.
  Time since last request: 0.000257 seconds.
  path: Assets/Prefabs/Objects (Prefabs)/Player.prefab
  artifactKey: Guid(51b3a7c81ff3af647b9b549bcd7da981) Importer(815301076,1909f56bfc062723c751e8b465ee728b)
Start importing Assets/Prefabs/Objects (Prefabs)/Player.prefab using Guid(51b3a7c81ff3af647b9b549bcd7da981) Importer(815301076,1909f56bfc062723c751e8b465ee728b)  -> (artifact id: '56389f0655cde736028db5bb83e9e974') in 0.291197 seconds
  Import took 0.299383 seconds .

========================================================================
Received Import Request.
  Time since last request: 0.000232 seconds.
  path: Assets/Prefabs/Objects (Prefabs)/Opaque Spikes.prefab
  artifactKey: Guid(81bc86c4d788804428a4247ce7224e9c) Importer(815301076,1909f56bfc062723c751e8b465ee728b)
Start importing Assets/Prefabs/Objects (Prefabs)/Opaque Spikes.prefab using Guid(81bc86c4d788804428a4247ce7224e9c) Importer(815301076,1909f56bfc062723c751e8b465ee728b)  -> (artifact id: '98ac1f29a6f2033e033d71496ff8bf1c') in 0.015180 seconds
  Import took 0.024212 seconds .

========================================================================
Received Import Request.
  Time since last request: 0.000223 seconds.
  path: Assets/Prefabs/Objects (Prefabs)/Opaque Wall.prefab
  artifactKey: Guid(43c3f6c69342b8542b58e6161e739898) Importer(815301076,1909f56bfc062723c751e8b465ee728b)
Start importing Assets/Prefabs/Objects (Prefabs)/Opaque Wall.prefab using Guid(43c3f6c69342b8542b58e6161e739898) Importer(815301076,1909f56bfc062723c751e8b465ee728b)  -> (artifact id: '44ea65767e5d3b775c3bb0154a849855') in 0.005919 seconds
  Import took 0.017042 seconds .

========================================================================
Received Import Request.
  Time since last request: 0.000294 seconds.
  path: Assets/Prefabs/Objects (Prefabs)/Opaque Red Piston.prefab
  artifactKey: Guid(4ffe084eb4df7fe4cbf9221a7e9741b3) Importer(815301076,1909f56bfc062723c751e8b465ee728b)
Start importing Assets/Prefabs/Objects (Prefabs)/Opaque Red Piston.prefab using Guid(4ffe084eb4df7fe4cbf9221a7e9741b3) Importer(815301076,1909f56bfc062723c751e8b465ee728b)  -> (artifact id: 'cff736c5b4a608865611aaa8f4aaa1c4') in 0.016748 seconds
  Import took 0.026348 seconds .

========================================================================
Received Import Request.
  Time since last request: 0.000412 seconds.
  path: Assets/Prefabs/Objects (Prefabs)/Transparent Red Wall.prefab
  artifactKey: Guid(184d567c281b88e4ab274f1294a41bfa) Importer(815301076,1909f56bfc062723c751e8b465ee728b)
Start importing Assets/Prefabs/Objects (Prefabs)/Transparent Red Wall.prefab using Guid(184d567c281b88e4ab274f1294a41bfa) Importer(815301076,1909f56bfc062723c751e8b465ee728b)  -> (artifact id: '72f4c6e7e8096198f31f6fa7584fcabf') in 0.006760 seconds
  Import took 0.015402 seconds .

========================================================================
Received Import Request.
  Time since last request: 0.000255 seconds.
  path: Assets/Prefabs/Objects (Prefabs)/Opaque Red Generator.prefab
  artifactKey: Guid(6ed1322b69676fe4ba0b50cf440e91c6) Importer(815301076,1909f56bfc062723c751e8b465ee728b)
Start importing Assets/Prefabs/Objects (Prefabs)/Opaque Red Generator.prefab using Guid(6ed1322b69676fe4ba0b50cf440e91c6) Importer(815301076,1909f56bfc062723c751e8b465ee728b)  -> (artifact id: 'e6314faefad0ebe2382a28aa6e0cebfa') in 0.014638 seconds
  Import took 0.024012 seconds .

========================================================================
Received Import Request.
  Time since last request: 0.000201 seconds.
  path: Assets/Prefabs/Objects (Prefabs)/Opaque Red Wireless Transmitter.prefab
  artifactKey: Guid(d63a065111d54904f80f997b03a63d8f) Importer(815301076,1909f56bfc062723c751e8b465ee728b)
Start importing Assets/Prefabs/Objects (Prefabs)/Opaque Red Wireless Transmitter.prefab using Guid(d63a065111d54904f80f997b03a63d8f) Importer(815301076,1909f56bfc062723c751e8b465ee728b)  -> (artifact id: 'e8c37091670be4b44c8958dafc952303') in 0.012791 seconds
  Import took 0.023586 seconds .

========================================================================
Received Import Request.
  Time since last request: 0.000189 seconds.
  path: Assets/Prefabs/Objects (Prefabs)/Transparent Red Wireless Transmitter.prefab
  artifactKey: Guid(9bbffbae7a2e6f44a80f770487daabf2) Importer(815301076,1909f56bfc062723c751e8b465ee728b)
Start importing Assets/Prefabs/Objects (Prefabs)/Transparent Red Wireless Transmitter.prefab using Guid(9bbffbae7a2e6f44a80f770487daabf2) Importer(815301076,1909f56bfc062723c751e8b465ee728b)  -> (artifact id: '81df392b7f0dc7d2f525eef77e1cd9de') in 0.010570 seconds
  Import took 0.019691 seconds .

========================================================================
Received Import Request.
  Time since last request: 0.000249 seconds.
  path: Assets/Prefabs/Objects (Prefabs)/Opaque Red Wall.prefab
  artifactKey: Guid(ebadf9f894b138e439079a8e35242518) Importer(815301076,1909f56bfc062723c751e8b465ee728b)
Start importing Assets/Prefabs/Objects (Prefabs)/Opaque Red Wall.prefab using Guid(ebadf9f894b138e439079a8e35242518) Importer(815301076,1909f56bfc062723c751e8b465ee728b)  -> (artifact id: '9a6833268c1182751f9d4fe9cac85436') in 0.004629 seconds
  Import took 0.013799 seconds .

========================================================================
Received Import Request.
  Time since last request: 0.000345 seconds.
  path: Assets/Prefabs/Objects (Prefabs)/Orb.prefab
  artifactKey: Guid(df82fe2ad40055a4b9d8a253cea24e92) Importer(815301076,1909f56bfc062723c751e8b465ee728b)
Start importing Assets/Prefabs/Objects (Prefabs)/Orb.prefab using Guid(df82fe2ad40055a4b9d8a253cea24e92) Importer(815301076,1909f56bfc062723c751e8b465ee728b)  -> (artifact id: '4b8ce342a7428f369e5d22f51fd0bf23') in 0.032936 seconds
  Import took 0.046717 seconds .

========================================================================
Received Import Request.
  Time since last request: 0.000308 seconds.
  path: Assets/Prefabs/Objects (Prefabs)/Opaque Wireless Transmitter.prefab
  artifactKey: Guid(f091156d1d0009b4882c3717438e84ba) Importer(815301076,1909f56bfc062723c751e8b465ee728b)
Start importing Assets/Prefabs/Objects (Prefabs)/Opaque Wireless Transmitter.prefab using Guid(f091156d1d0009b4882c3717438e84ba) Importer(815301076,1909f56bfc062723c751e8b465ee728b)  -> (artifact id: 'd4c06393799850ebc690d278194b4c7d') in 0.008783 seconds
  Import took 0.016910 seconds .

========================================================================
Received Import Request.
  Time since last request: 0.378957 seconds.
  path: Assets/Prefabs/Objects (Prefabs)/Transparent Wall.prefab
  artifactKey: Guid(38c21e975ca4cec4b8bbb6af7e9b5a7b) Importer(815301076,1909f56bfc062723c751e8b465ee728b)
Start importing Assets/Prefabs/Objects (Prefabs)/Transparent Wall.prefab using Guid(38c21e975ca4cec4b8bbb6af7e9b5a7b) Importer(815301076,1909f56bfc062723c751e8b465ee728b)  -> (artifact id: '4f0fe773521846dcdf80c66ce30e5729') in 0.003873 seconds
  Import took 0.011606 seconds .

========================================================================
Received Import Request.
  Time since last request: 0.307471 seconds.
  path: Assets/Prefabs/Objects (Prefabs)/Transparent Wireless Transmitter.prefab
  artifactKey: Guid(4a10c96ec941be9418cdb1e84ecfa06b) Importer(815301076,1909f56bfc062723c751e8b465ee728b)
Start importing Assets/Prefabs/Objects (Prefabs)/Transparent Wireless Transmitter.prefab using Guid(4a10c96ec941be9418cdb1e84ecfa06b) Importer(815301076,1909f56bfc062723c751e8b465ee728b)  -> (artifact id: '584bdc4fdd04091b74eafdf1efcba1cf') in 0.009296 seconds
  Import took 0.016908 seconds .

========================================================================
Received Prepare
Registering precompiled user dll's ...
Registered in 0.008309 seconds.
Begin MonoManager ReloadAssembly
Native extension for LinuxStandalone target not found
Native extension for WindowsStandalone target not found
Native extension for OSXStandalone target not found
Refreshing native plugins compatible for Editor in 0.98 ms, found 0 plugins.
Preloading 0 native plugins for Editor in 0.00 ms.
Warning: Annotation not found!
UnityEngine.StackTraceUtility:ExtractStackTrace () (at /home/bokken/buildslave/unity/build/Runtime/Export/Scripting/StackTrace.cs:37)
UnityEditor.ProBuilder.EditorUtility:SetGizmoIconEnabled (System.Type,bool) (at Library/PackageCache/com.unity.probuilder@4.4.0/Editor/EditorCore/EditorUtility.cs:593)
UnityEditor.ProBuilder.HierarchyListener:.cctor () (at Library/PackageCache/com.unity.probuilder@4.4.0/Editor/EditorCore/HierarchyListener.cs:21)
System.Runtime.CompilerServices.RuntimeHelpers:RunClassConstructor (System.RuntimeTypeHandle)
UnityEditor.EditorAssemblies:ProcessInitializeOnLoadAttributes (System.Type[]) (at /home/bokken/buildslave/unity/build/Editor/Mono/EditorAssemblies.cs:114)

[Library/PackageCache/com.unity.probuilder@4.4.0/Editor/EditorCore/EditorUtility.cs line 593]

Invoked RoslynAnalysisRunner static constructor.
RoslynAnalysisRunner will not be running.
RoslynAnalysisRunner has terminated.
Mono: successfully reloaded assembly
- Completed reload, in  2.299 seconds
Platform modules already initialized, skipping
Shader 'Universal Render Pipeline/Particles/Lit': fallback shader 'Universal Render Pipeline/Particles/SimpleLit' not found
Refreshing native plugins compatible for Editor in 0.97 ms, found 0 plugins.
Preloading 0 native plugins for Editor in 0.00 ms.
Unloading 3001 Unused Serialized files (Serialized files now loaded: 0)
System memory in use before: 134.7 MB.
System memory in use after: 134.8 MB.

Unloading 30 unused Assets to reduce memory usage. Loaded Objects now: 3788.
Total: 61.201340 ms (FindLiveObjects: 0.384972 ms CreateObjectMapping: 0.243868 ms MarkObjects: 60.389490 ms  DeleteObjects: 0.181025 ms)

========================================================================
Received Import Request.
  Time since last request: 37.416074 seconds.
  path: Assets/Prefabs/Objects (Prefabs)/Player.prefab
  artifactKey: Guid(51b3a7c81ff3af647b9b549bcd7da981) Importer(815301076,1909f56bfc062723c751e8b465ee728b)
Start importing Assets/Prefabs/Objects (Prefabs)/Player.prefab using Guid(51b3a7c81ff3af647b9b549bcd7da981) Importer(815301076,1909f56bfc062723c751e8b465ee728b)  -> (artifact id: '49e1341502f347c086dda9dfb15b9b81') in 0.326873 seconds
  Import took 0.335880 seconds .

========================================================================
Received Import Request.
  Time since last request: 8.125244 seconds.
  path: Assets/Prefabs/Objects (Prefabs)/Player.prefab
  artifactKey: Guid(51b3a7c81ff3af647b9b549bcd7da981) Importer(815301076,1909f56bfc062723c751e8b465ee728b)
Start importing Assets/Prefabs/Objects (Prefabs)/Player.prefab using Guid(51b3a7c81ff3af647b9b549bcd7da981) Importer(815301076,1909f56bfc062723c751e8b465ee728b)  -> (artifact id: '286262bf40b8d813f0ae361c331c2be4') in 0.050974 seconds
  Import took 0.061893 seconds .

========================================================================
Received Import Request.
  Time since last request: 14.082198 seconds.
  path: Assets/Prefabs/Objects (Prefabs)/Player.prefab
  artifactKey: Guid(51b3a7c81ff3af647b9b549bcd7da981) Importer(815301076,1909f56bfc062723c751e8b465ee728b)
Start importing Assets/Prefabs/Objects (Prefabs)/Player.prefab using Guid(51b3a7c81ff3af647b9b549bcd7da981) Importer(815301076,1909f56bfc062723c751e8b465ee728b)  -> (artifact id: 'e3ec2fc9afe98535327830b330779a13') in 0.053053 seconds
  Import took 0.063019 seconds .

========================================================================
Received Import Request.
  Time since last request: 11.907972 seconds.
  path: Assets/Prefabs/Objects (Prefabs)/Player.prefab
  artifactKey: Guid(51b3a7c81ff3af647b9b549bcd7da981) Importer(815301076,1909f56bfc062723c751e8b465ee728b)
Start importing Assets/Prefabs/Objects (Prefabs)/Player.prefab using Guid(51b3a7c81ff3af647b9b549bcd7da981) Importer(815301076,1909f56bfc062723c751e8b465ee728b)  -> (artifact id: 'df8030e809faa865b386861b94173fde') in 0.048283 seconds
  Import took 0.059355 seconds .

========================================================================
Received Import Request.
  Time since last request: 0.027299 seconds.
  path: Assets/Prefabs/Objects (Prefabs)/Player.prefab
  artifactKey: Guid(51b3a7c81ff3af647b9b549bcd7da981) Importer(815301076,1909f56bfc062723c751e8b465ee728b)
Start importing Assets/Prefabs/Objects (Prefabs)/Player.prefab using Guid(51b3a7c81ff3af647b9b549bcd7da981) Importer(815301076,1909f56bfc062723c751e8b465ee728b)  -> (artifact id: 'df8030e809faa865b386861b94173fde') in 0.054871 seconds
  Import took 0.066560 seconds .

========================================================================
Received Import Request.
  Time since last request: 34.680231 seconds.
  path: Assets/Prefabs/Objects (Prefabs)/Player.prefab
  artifactKey: Guid(51b3a7c81ff3af647b9b549bcd7da981) Importer(815301076,1909f56bfc062723c751e8b465ee728b)
Start importing Assets/Prefabs/Objects (Prefabs)/Player.prefab using Guid(51b3a7c81ff3af647b9b549bcd7da981) Importer(815301076,1909f56bfc062723c751e8b465ee728b)  -> (artifact id: '68dad8904a9cb393769dfb254eebda64') in 0.061995 seconds
  Import took 0.072812 seconds .

========================================================================
Received Import Request.
  Time since last request: 11.349013 seconds.
  path: Assets/Prefabs/Objects (Prefabs)/Player.prefab
  artifactKey: Guid(51b3a7c81ff3af647b9b549bcd7da981) Importer(815301076,1909f56bfc062723c751e8b465ee728b)
Start importing Assets/Prefabs/Objects (Prefabs)/Player.prefab using Guid(51b3a7c81ff3af647b9b549bcd7da981) Importer(815301076,1909f56bfc062723c751e8b465ee728b)  -> (artifact id: '9833e282a84022c9331ee7aac348a492') in 0.099714 seconds
  Import took 0.115790 seconds .

========================================================================
Received Prepare
Registering precompiled user dll's ...
Registered in 0.008776 seconds.
Begin MonoManager ReloadAssembly
Native extension for LinuxStandalone target not found
Native extension for WindowsStandalone target not found
Native extension for OSXStandalone target not found
Refreshing native plugins compatible for Editor in 1.09 ms, found 0 plugins.
Preloading 0 native plugins for Editor in 0.00 ms.
Warning: Annotation not found!
UnityEngine.StackTraceUtility:ExtractStackTrace () (at /home/bokken/buildslave/unity/build/Runtime/Export/Scripting/StackTrace.cs:37)
UnityEditor.ProBuilder.EditorUtility:SetGizmoIconEnabled (System.Type,bool) (at Library/PackageCache/com.unity.probuilder@4.4.0/Editor/EditorCore/EditorUtility.cs:593)
UnityEditor.ProBuilder.HierarchyListener:.cctor () (at Library/PackageCache/com.unity.probuilder@4.4.0/Editor/EditorCore/HierarchyListener.cs:21)
System.Runtime.CompilerServices.RuntimeHelpers:RunClassConstructor (System.RuntimeTypeHandle)
UnityEditor.EditorAssemblies:ProcessInitializeOnLoadAttributes (System.Type[]) (at /home/bokken/buildslave/unity/build/Editor/Mono/EditorAssemblies.cs:114)

[Library/PackageCache/com.unity.probuilder@4.4.0/Editor/EditorCore/EditorUtility.cs line 593]

Invoked RoslynAnalysisRunner static constructor.
RoslynAnalysisRunner will not be running.
RoslynAnalysisRunner has terminated.
Mono: successfully reloaded assembly
- Completed reload, in  2.515 seconds
Platform modules already initialized, skipping
Shader 'Universal Render Pipeline/Particles/Lit': fallback shader 'Universal Render Pipeline/Particles/SimpleLit' not found
Refreshing native plugins compatible for Editor in 0.96 ms, found 0 plugins.
Preloading 0 native plugins for Editor in 0.00 ms.
Unloading 3001 Unused Serialized files (Serialized files now loaded: 0)
System memory in use before: 135.1 MB.
System memory in use after: 135.2 MB.

Unloading 30 unused Assets to reduce memory usage. Loaded Objects now: 3827.
Total: 60.879381 ms (FindLiveObjects: 0.398221 ms CreateObjectMapping: 0.243601 ms MarkObjects: 59.990029 ms  DeleteObjects: 0.245700 ms)

========================================================================
Received Import Request.
  Time since last request: 55.178949 seconds.
  path: Assets/Prefabs/Objects (Prefabs)/Player.prefab
  artifactKey: Guid(51b3a7c81ff3af647b9b549bcd7da981) Importer(815301076,1909f56bfc062723c751e8b465ee728b)
Start importing Assets/Prefabs/Objects (Prefabs)/Player.prefab using Guid(51b3a7c81ff3af647b9b549bcd7da981) Importer(815301076,1909f56bfc062723c751e8b465ee728b)  -> (artifact id: 'cf1d46dd894dcbca08d771ebc9b2f594') in 0.331660 seconds
  Import took 0.340559 seconds .

========================================================================
Received Prepare
Registering precompiled user dll's ...
Registered in 0.017492 seconds.
Begin MonoManager ReloadAssembly
Native extension for LinuxStandalone target not found
Native extension for WindowsStandalone target not found
Native extension for OSXStandalone target not found
Refreshing native plugins compatible for Editor in 1.11 ms, found 0 plugins.
Preloading 0 native plugins for Editor in 0.00 ms.
Warning: Annotation not found!
UnityEngine.StackTraceUtility:ExtractStackTrace () (at /home/bokken/buildslave/unity/build/Runtime/Export/Scripting/StackTrace.cs:37)
UnityEditor.ProBuilder.EditorUtility:SetGizmoIconEnabled (System.Type,bool) (at Library/PackageCache/com.unity.probuilder@4.4.0/Editor/EditorCore/EditorUtility.cs:593)
UnityEditor.ProBuilder.HierarchyListener:.cctor () (at Library/PackageCache/com.unity.probuilder@4.4.0/Editor/EditorCore/HierarchyListener.cs:21)
System.Runtime.CompilerServices.RuntimeHelpers:RunClassConstructor (System.RuntimeTypeHandle)
UnityEditor.EditorAssemblies:ProcessInitializeOnLoadAttributes (System.Type[]) (at /home/bokken/buildslave/unity/build/Editor/Mono/EditorAssemblies.cs:114)

[Library/PackageCache/com.unity.probuilder@4.4.0/Editor/EditorCore/EditorUtility.cs line 593]

Invoked RoslynAnalysisRunner static constructor.
RoslynAnalysisRunner will not be running.
RoslynAnalysisRunner has terminated.
Mono: successfully reloaded assembly
- Completed reload, in  2.902 seconds
Platform modules already initialized, skipping
Shader 'Universal Render Pipeline/Particles/Lit': fallback shader 'Universal Render Pipeline/Particles/SimpleLit' not found
Refreshing native plugins compatible for Editor in 1.07 ms, found 0 plugins.
Preloading 0 native plugins for Editor in 0.00 ms.
Unloading 3001 Unused Serialized files (Serialized files now loaded: 0)
System memory in use before: 135.2 MB.
System memory in use after: 135.3 MB.

Unloading 30 unused Assets to reduce memory usage. Loaded Objects now: 3866.
Total: 69.657738 ms (FindLiveObjects: 0.437338 ms CreateObjectMapping: 0.217439 ms MarkObjects: 68.704567 ms  DeleteObjects: 0.295383 ms)

========================================================================
Received Import Request.
  Time since last request: 150.298456 seconds.
  path: Assets/Prefabs/Objects (Prefabs)/Player.prefab
  artifactKey: Guid(51b3a7c81ff3af647b9b549bcd7da981) Importer(815301076,1909f56bfc062723c751e8b465ee728b)
Start importing Assets/Prefabs/Objects (Prefabs)/Player.prefab using Guid(51b3a7c81ff3af647b9b549bcd7da981) Importer(815301076,1909f56bfc062723c751e8b465ee728b)  -> (artifact id: 'c07a791a0dafdc57e7ce45828f742f66') in 0.298384 seconds
  Import took 0.307620 seconds .

========================================================================
Received Import Request.
  Time since last request: 17.696881 seconds.
  path: Assets/Prefabs/Objects (Prefabs)/Player.prefab
  artifactKey: Guid(51b3a7c81ff3af647b9b549bcd7da981) Importer(815301076,1909f56bfc062723c751e8b465ee728b)
Start importing Assets/Prefabs/Objects (Prefabs)/Player.prefab using Guid(51b3a7c81ff3af647b9b549bcd7da981) Importer(815301076,1909f56bfc062723c751e8b465ee728b)  -> (artifact id: '31af724b368c59e9ff65d41bd9ad8c08') in 0.048780 seconds
  Import took 0.057637 seconds .

========================================================================
Received Import Request.
  Time since last request: 17.506617 seconds.
  path: Assets/Prefabs/Objects (Prefabs)/Player.prefab
  artifactKey: Guid(51b3a7c81ff3af647b9b549bcd7da981) Importer(815301076,1909f56bfc062723c751e8b465ee728b)
Start importing Assets/Prefabs/Objects (Prefabs)/Player.prefab using Guid(51b3a7c81ff3af647b9b549bcd7da981) Importer(815301076,1909f56bfc062723c751e8b465ee728b)  -> (artifact id: '7a20c4dbf5799b528e62333e2633a460') in 0.051747 seconds
  Import took 0.062464 seconds .

========================================================================
Received Import Request.
  Time since last request: 140.591902 seconds.
  path: Assets/Prefabs/Objects (Prefabs)/Player.prefab
  artifactKey: Guid(51b3a7c81ff3af647b9b549bcd7da981) Importer(815301076,1909f56bfc062723c751e8b465ee728b)
Start importing Assets/Prefabs/Objects (Prefabs)/Player.prefab using Guid(51b3a7c81ff3af647b9b549bcd7da981) Importer(815301076,1909f56bfc062723c751e8b465ee728b)  -> (artifact id: 'e4d13fcd0732b9226c3518ffe9d58780') in 0.059411 seconds
  Import took 0.074050 seconds .

========================================================================
Received Prepare
Registering precompiled user dll's ...
Registered in 0.009408 seconds.
Begin MonoManager ReloadAssembly
Native extension for LinuxStandalone target not found
Native extension for WindowsStandalone target not found
Native extension for OSXStandalone target not found
Refreshing native plugins compatible for Editor in 0.99 ms, found 0 plugins.
Preloading 0 native plugins for Editor in 0.00 ms.
Warning: Annotation not found!
UnityEngine.StackTraceUtility:ExtractStackTrace () (at /home/bokken/buildslave/unity/build/Runtime/Export/Scripting/StackTrace.cs:37)
UnityEditor.ProBuilder.EditorUtility:SetGizmoIconEnabled (System.Type,bool) (at Library/PackageCache/com.unity.probuilder@4.4.0/Editor/EditorCore/EditorUtility.cs:593)
UnityEditor.ProBuilder.HierarchyListener:.cctor () (at Library/PackageCache/com.unity.probuilder@4.4.0/Editor/EditorCore/HierarchyListener.cs:21)
System.Runtime.CompilerServices.RuntimeHelpers:RunClassConstructor (System.RuntimeTypeHandle)
UnityEditor.EditorAssemblies:ProcessInitializeOnLoadAttributes (System.Type[]) (at /home/bokken/buildslave/unity/build/Editor/Mono/EditorAssemblies.cs:114)

[Library/PackageCache/com.unity.probuilder@4.4.0/Editor/EditorCore/EditorUtility.cs line 593]

Invoked RoslynAnalysisRunner static constructor.
RoslynAnalysisRunner will not be running.
RoslynAnalysisRunner has terminated.
Mono: successfully reloaded assembly
- Completed reload, in  2.349 seconds
Platform modules already initialized, skipping
Shader 'Universal Render Pipeline/Particles/Lit': fallback shader 'Universal Render Pipeline/Particles/SimpleLit' not found
Refreshing native plugins compatible for Editor in 1.17 ms, found 0 plugins.
Preloading 0 native plugins for Editor in 0.00 ms.
Unloading 3001 Unused Serialized files (Serialized files now loaded: 0)
System memory in use before: 135.4 MB.
System memory in use after: 135.5 MB.

Unloading 30 unused Assets to reduce memory usage. Loaded Objects now: 3905.
Total: 76.108498 ms (FindLiveObjects: 0.591958 ms CreateObjectMapping: 0.344031 ms MarkObjects: 74.871526 ms  DeleteObjects: 0.297902 ms)

========================================================================
Received Import Request.
  Time since last request: 95.532335 seconds.
  path: Assets/Prefabs/Objects (Prefabs)/Player.prefab
  artifactKey: Guid(51b3a7c81ff3af647b9b549bcd7da981) Importer(815301076,1909f56bfc062723c751e8b465ee728b)
Start importing Assets/Prefabs/Objects (Prefabs)/Player.prefab using Guid(51b3a7c81ff3af647b9b549bcd7da981) Importer(815301076,1909f56bfc062723c751e8b465ee728b)  -> (artifact id: '1f8f2a1b26d5b1b7b63508b437639472') in 0.345242 seconds
  Import took 0.354312 seconds .

========================================================================
Received Prepare
Registering precompiled user dll's ...
Registered in 0.010164 seconds.
Begin MonoManager ReloadAssembly
Native extension for LinuxStandalone target not found
Native extension for WindowsStandalone target not found
Native extension for OSXStandalone target not found
Refreshing native plugins compatible for Editor in 1.01 ms, found 0 plugins.
Preloading 0 native plugins for Editor in 0.00 ms.
Warning: Annotation not found!
UnityEngine.StackTraceUtility:ExtractStackTrace () (at /home/bokken/buildslave/unity/build/Runtime/Export/Scripting/StackTrace.cs:37)
UnityEditor.ProBuilder.EditorUtility:SetGizmoIconEnabled (System.Type,bool) (at Library/PackageCache/com.unity.probuilder@4.4.0/Editor/EditorCore/EditorUtility.cs:593)
UnityEditor.ProBuilder.HierarchyListener:.cctor () (at Library/PackageCache/com.unity.probuilder@4.4.0/Editor/EditorCore/HierarchyListener.cs:21)
System.Runtime.CompilerServices.RuntimeHelpers:RunClassConstructor (System.RuntimeTypeHandle)
UnityEditor.EditorAssemblies:ProcessInitializeOnLoadAttributes (System.Type[]) (at /home/bokken/buildslave/unity/build/Editor/Mono/EditorAssemblies.cs:114)

[Library/PackageCache/com.unity.probuilder@4.4.0/Editor/EditorCore/EditorUtility.cs line 593]

Invoked RoslynAnalysisRunner static constructor.
RoslynAnalysisRunner will not be running.
RoslynAnalysisRunner has terminated.
Mono: successfully reloaded assembly
- Completed reload, in  2.395 seconds
Platform modules already initialized, skipping
Shader 'Universal Render Pipeline/Particles/Lit': fallback shader 'Universal Render Pipeline/Particles/SimpleLit' not found
Refreshing native plugins compatible for Editor in 0.91 ms, found 0 plugins.
Preloading 0 native plugins for Editor in 0.00 ms.
Unloading 3001 Unused Serialized files (Serialized files now loaded: 0)
System memory in use before: 135.5 MB.
System memory in use after: 135.6 MB.

Unloading 30 unused Assets to reduce memory usage. Loaded Objects now: 3944.
Total: 60.918985 ms (FindLiveObjects: 0.381190 ms CreateObjectMapping: 0.217670 ms MarkObjects: 60.115811 ms  DeleteObjects: 0.202388 ms)

========================================================================
Received Prepare
Registering precompiled user dll's ...
Registered in 0.013632 seconds.
Begin MonoManager ReloadAssembly
Native extension for LinuxStandalone target not found
Native extension for WindowsStandalone target not found
Native extension for OSXStandalone target not found
Refreshing native plugins compatible for Editor in 1.08 ms, found 0 plugins.
Preloading 0 native plugins for Editor in 0.00 ms.
Warning: Annotation not found!
UnityEngine.StackTraceUtility:ExtractStackTrace () (at /home/bokken/buildslave/unity/build/Runtime/Export/Scripting/StackTrace.cs:37)
UnityEditor.ProBuilder.EditorUtility:SetGizmoIconEnabled (System.Type,bool) (at Library/PackageCache/com.unity.probuilder@4.4.0/Editor/EditorCore/EditorUtility.cs:593)
UnityEditor.ProBuilder.HierarchyListener:.cctor () (at Library/PackageCache/com.unity.probuilder@4.4.0/Editor/EditorCore/HierarchyListener.cs:21)
System.Runtime.CompilerServices.RuntimeHelpers:RunClassConstructor (System.RuntimeTypeHandle)
UnityEditor.EditorAssemblies:ProcessInitializeOnLoadAttributes (System.Type[]) (at /home/bokken/buildslave/unity/build/Editor/Mono/EditorAssemblies.cs:114)

[Library/PackageCache/com.unity.probuilder@4.4.0/Editor/EditorCore/EditorUtility.cs line 593]

Invoked RoslynAnalysisRunner static constructor.
RoslynAnalysisRunner will not be running.
RoslynAnalysisRunner has terminated.
Mono: successfully reloaded assembly
- Completed reload, in  2.512 seconds
Platform modules already initialized, skipping
Shader 'Universal Render Pipeline/Particles/Lit': fallback shader 'Universal Render Pipeline/Particles/SimpleLit' not found
Refreshing native plugins compatible for Editor in 0.98 ms, found 0 plugins.
Preloading 0 native plugins for Editor in 0.00 ms.
Unloading 3001 Unused Serialized files (Serialized files now loaded: 0)
System memory in use before: 135.5 MB.
System memory in use after: 135.6 MB.

Unloading 30 unused Assets to reduce memory usage. Loaded Objects now: 3947.
Total: 63.901680 ms (FindLiveObjects: 0.436174 ms CreateObjectMapping: 0.242435 ms MarkObjects: 62.997729 ms  DeleteObjects: 0.223215 ms)

========================================================================
Received Prepare
Registering precompiled user dll's ...
Registered in 0.010406 seconds.
Begin MonoManager ReloadAssembly
Native extension for LinuxStandalone target not found
Native extension for WindowsStandalone target not found
Native extension for OSXStandalone target not found
Refreshing native plugins compatible for Editor in 1.03 ms, found 0 plugins.
Preloading 0 native plugins for Editor in 0.00 ms.
Warning: Annotation not found!
UnityEngine.StackTraceUtility:ExtractStackTrace () (at /home/bokken/buildslave/unity/build/Runtime/Export/Scripting/StackTrace.cs:37)
UnityEditor.ProBuilder.EditorUtility:SetGizmoIconEnabled (System.Type,bool) (at Library/PackageCache/com.unity.probuilder@4.4.0/Editor/EditorCore/EditorUtility.cs:593)
UnityEditor.ProBuilder.HierarchyListener:.cctor () (at Library/PackageCache/com.unity.probuilder@4.4.0/Editor/EditorCore/HierarchyListener.cs:21)
System.Runtime.CompilerServices.RuntimeHelpers:RunClassConstructor (System.RuntimeTypeHandle)
UnityEditor.EditorAssemblies:ProcessInitializeOnLoadAttributes (System.Type[]) (at /home/bokken/buildslave/unity/build/Editor/Mono/EditorAssemblies.cs:114)

[Library/PackageCache/com.unity.probuilder@4.4.0/Editor/EditorCore/EditorUtility.cs line 593]

Invoked RoslynAnalysisRunner static constructor.
RoslynAnalysisRunner will not be running.
RoslynAnalysisRunner has terminated.
Mono: successfully reloaded assembly
- Completed reload, in  2.643 seconds
Platform modules already initialized, skipping
Shader 'Universal Render Pipeline/Particles/Lit': fallback shader 'Universal Render Pipeline/Particles/SimpleLit' not found
Refreshing native plugins compatible for Editor in 0.97 ms, found 0 plugins.
Preloading 0 native plugins for Editor in 0.00 ms.
Unloading 3001 Unused Serialized files (Serialized files now loaded: 0)
System memory in use before: 135.5 MB.
System memory in use after: 135.6 MB.

Unloading 30 unused Assets to reduce memory usage. Loaded Objects now: 3950.
Total: 57.107023 ms (FindLiveObjects: 0.393450 ms CreateObjectMapping: 0.188187 ms MarkObjects: 56.309243 ms  DeleteObjects: 0.214568 ms)

========================================================================
Received Prepare
Registering precompiled user dll's ...
Registered in 0.017435 seconds.
Begin MonoManager ReloadAssembly
Native extension for LinuxStandalone target not found
Native extension for WindowsStandalone target not found
Native extension for OSXStandalone target not found
Refreshing native plugins compatible for Editor in 3.48 ms, found 0 plugins.
Preloading 0 native plugins for Editor in 0.00 ms.
Warning: Annotation not found!
UnityEngine.StackTraceUtility:ExtractStackTrace () (at /home/bokken/buildslave/unity/build/Runtime/Export/Scripting/StackTrace.cs:37)
UnityEditor.ProBuilder.EditorUtility:SetGizmoIconEnabled (System.Type,bool) (at Library/PackageCache/com.unity.probuilder@4.4.0/Editor/EditorCore/EditorUtility.cs:593)
UnityEditor.ProBuilder.HierarchyListener:.cctor () (at Library/PackageCache/com.unity.probuilder@4.4.0/Editor/EditorCore/HierarchyListener.cs:21)
System.Runtime.CompilerServices.RuntimeHelpers:RunClassConstructor (System.RuntimeTypeHandle)
UnityEditor.EditorAssemblies:ProcessInitializeOnLoadAttributes (System.Type[]) (at /home/bokken/buildslave/unity/build/Editor/Mono/EditorAssemblies.cs:114)

[Library/PackageCache/com.unity.probuilder@4.4.0/Editor/EditorCore/EditorUtility.cs line 593]

Invoked RoslynAnalysisRunner static constructor.
RoslynAnalysisRunner will not be running.
RoslynAnalysisRunner has terminated.
Mono: successfully reloaded assembly
- Completed reload, in  5.159 seconds
Platform modules already initialized, skipping
Shader 'Universal Render Pipeline/Particles/Lit': fallback shader 'Universal Render Pipeline/Particles/SimpleLit' not found
Refreshing native plugins compatible for Editor in 1.31 ms, found 0 plugins.
Preloading 0 native plugins for Editor in 0.00 ms.
Unloading 3001 Unused Serialized files (Serialized files now loaded: 0)
System memory in use before: 135.5 MB.
System memory in use after: 135.6 MB.

Unloading 30 unused Assets to reduce memory usage. Loaded Objects now: 3953.
Total: 105.360592 ms (FindLiveObjects: 1.597420 ms CreateObjectMapping: 1.052194 ms MarkObjects: 102.416496 ms  DeleteObjects: 0.286840 ms)

========================================================================
Received Prepare
Registering precompiled user dll's ...
Registered in 0.012970 seconds.
Begin MonoManager ReloadAssembly
Native extension for LinuxStandalone target not found
Native extension for WindowsStandalone target not found
Native extension for OSXStandalone target not found
Refreshing native plugins compatible for Editor in 0.99 ms, found 0 plugins.
Preloading 0 native plugins for Editor in 0.00 ms.
Warning: Annotation not found!
UnityEngine.StackTraceUtility:ExtractStackTrace () (at /home/bokken/buildslave/unity/build/Runtime/Export/Scripting/StackTrace.cs:37)
UnityEditor.ProBuilder.EditorUtility:SetGizmoIconEnabled (System.Type,bool) (at Library/PackageCache/com.unity.probuilder@4.4.0/Editor/EditorCore/EditorUtility.cs:593)
UnityEditor.ProBuilder.HierarchyListener:.cctor () (at Library/PackageCache/com.unity.probuilder@4.4.0/Editor/EditorCore/HierarchyListener.cs:21)
System.Runtime.CompilerServices.RuntimeHelpers:RunClassConstructor (System.RuntimeTypeHandle)
UnityEditor.EditorAssemblies:ProcessInitializeOnLoadAttributes (System.Type[]) (at /home/bokken/buildslave/unity/build/Editor/Mono/EditorAssemblies.cs:114)

[Library/PackageCache/com.unity.probuilder@4.4.0/Editor/EditorCore/EditorUtility.cs line 593]

Invoked RoslynAnalysisRunner static constructor.
RoslynAnalysisRunner will not be running.
RoslynAnalysisRunner has terminated.
Mono: successfully reloaded assembly
- Completed reload, in  2.470 seconds
Platform modules already initialized, skipping
Shader 'Universal Render Pipeline/Particles/Lit': fallback shader 'Universal Render Pipeline/Particles/SimpleLit' not found
Refreshing native plugins compatible for Editor in 1.01 ms, found 0 plugins.
Preloading 0 native plugins for Editor in 0.00 ms.
Unloading 3001 Unused Serialized files (Serialized files now loaded: 0)
System memory in use before: 135.5 MB.
System memory in use after: 135.6 MB.

Unloading 30 unused Assets to reduce memory usage. Loaded Objects now: 3956.
Total: 60.896566 ms (FindLiveObjects: 0.409825 ms CreateObjectMapping: 0.212630 ms MarkObjects: 59.967231 ms  DeleteObjects: 0.305088 ms)

========================================================================
Received Prepare
Registering precompiled user dll's ...
Registered in 0.008241 seconds.
Begin MonoManager ReloadAssembly
Native extension for LinuxStandalone target not found
Native extension for WindowsStandalone target not found
Native extension for OSXStandalone target not found
Refreshing native plugins compatible for Editor in 1.00 ms, found 0 plugins.
Preloading 0 native plugins for Editor in 0.00 ms.
Warning: Annotation not found!
UnityEngine.StackTraceUtility:ExtractStackTrace () (at /home/bokken/buildslave/unity/build/Runtime/Export/Scripting/StackTrace.cs:37)
UnityEditor.ProBuilder.EditorUtility:SetGizmoIconEnabled (System.Type,bool) (at Library/PackageCache/com.unity.probuilder@4.4.0/Editor/EditorCore/EditorUtility.cs:593)
UnityEditor.ProBuilder.HierarchyListener:.cctor () (at Library/PackageCache/com.unity.probuilder@4.4.0/Editor/EditorCore/HierarchyListener.cs:21)
System.Runtime.CompilerServices.RuntimeHelpers:RunClassConstructor (System.RuntimeTypeHandle)
UnityEditor.EditorAssemblies:ProcessInitializeOnLoadAttributes (System.Type[]) (at /home/bokken/buildslave/unity/build/Editor/Mono/EditorAssemblies.cs:114)

[Library/PackageCache/com.unity.probuilder@4.4.0/Editor/EditorCore/EditorUtility.cs line 593]

Invoked RoslynAnalysisRunner static constructor.
RoslynAnalysisRunner will not be running.
RoslynAnalysisRunner has terminated.
Mono: successfully reloaded assembly
- Completed reload, in  2.503 seconds
Platform modules already initialized, skipping
Shader 'Universal Render Pipeline/Particles/Lit': fallback shader 'Universal Render Pipeline/Particles/SimpleLit' not found
Refreshing native plugins compatible for Editor in 0.93 ms, found 0 plugins.
Preloading 0 native plugins for Editor in 0.00 ms.
Unloading 3001 Unused Serialized files (Serialized files now loaded: 0)
System memory in use before: 135.5 MB.
System memory in use after: 135.6 MB.

Unloading 30 unused Assets to reduce memory usage. Loaded Objects now: 3959.
Total: 60.035112 ms (FindLiveObjects: 0.498973 ms CreateObjectMapping: 0.204613 ms MarkObjects: 59.087125 ms  DeleteObjects: 0.242214 ms)

========================================================================
Received Prepare
Registering precompiled user dll's ...
Registered in 0.009586 seconds.
Begin MonoManager ReloadAssembly
Native extension for LinuxStandalone target not found
Native extension for WindowsStandalone target not found
Native extension for OSXStandalone target not found
Refreshing native plugins compatible for Editor in 1.01 ms, found 0 plugins.
Preloading 0 native plugins for Editor in 0.00 ms.
Warning: Annotation not found!
UnityEngine.StackTraceUtility:ExtractStackTrace () (at /home/bokken/buildslave/unity/build/Runtime/Export/Scripting/StackTrace.cs:37)
UnityEditor.ProBuilder.EditorUtility:SetGizmoIconEnabled (System.Type,bool) (at Library/PackageCache/com.unity.probuilder@4.4.0/Editor/EditorCore/EditorUtility.cs:593)
UnityEditor.ProBuilder.HierarchyListener:.cctor () (at Library/PackageCache/com.unity.probuilder@4.4.0/Editor/EditorCore/HierarchyListener.cs:21)
System.Runtime.CompilerServices.RuntimeHelpers:RunClassConstructor (System.RuntimeTypeHandle)
UnityEditor.EditorAssemblies:ProcessInitializeOnLoadAttributes (System.Type[]) (at /home/bokken/buildslave/unity/build/Editor/Mono/EditorAssemblies.cs:114)

[Library/PackageCache/com.unity.probuilder@4.4.0/Editor/EditorCore/EditorUtility.cs line 593]

Invoked RoslynAnalysisRunner static constructor.
RoslynAnalysisRunner will not be running.
RoslynAnalysisRunner has terminated.
Mono: successfully reloaded assembly
- Completed reload, in  2.374 seconds
Platform modules already initialized, skipping
Shader 'Universal Render Pipeline/Particles/Lit': fallback shader 'Universal Render Pipeline/Particles/SimpleLit' not found
Refreshing native plugins compatible for Editor in 0.93 ms, found 0 plugins.
Preloading 0 native plugins for Editor in 0.00 ms.
Unloading 3001 Unused Serialized files (Serialized files now loaded: 0)
System memory in use before: 135.5 MB.
System memory in use after: 135.6 MB.

Unloading 30 unused Assets to reduce memory usage. Loaded Objects now: 3962.
Total: 56.153820 ms (FindLiveObjects: 0.410013 ms CreateObjectMapping: 0.209472 ms MarkObjects: 55.311258 ms  DeleteObjects: 0.221642 ms)

========================================================================
Received Import Request.
  Time since last request: 555.077490 seconds.
  path: Assets/Prefabs/Objects (Prefabs)/Player.prefab
  artifactKey: Guid(51b3a7c81ff3af647b9b549bcd7da981) Importer(815301076,1909f56bfc062723c751e8b465ee728b)
Start importing Assets/Prefabs/Objects (Prefabs)/Player.prefab using Guid(51b3a7c81ff3af647b9b549bcd7da981) Importer(815301076,1909f56bfc062723c751e8b465ee728b)  -> (artifact id: '778c764e6beb08a4a7017ff90a7ebcae') in 0.328837 seconds
  Import took 0.337975 seconds .

========================================================================
Received Import Request.
  Time since last request: 13.313132 seconds.
  path: Assets/Prefabs/Objects (Prefabs)/Player.prefab
  artifactKey: Guid(51b3a7c81ff3af647b9b549bcd7da981) Importer(815301076,1909f56bfc062723c751e8b465ee728b)
Start importing Assets/Prefabs/Objects (Prefabs)/Player.prefab using Guid(51b3a7c81ff3af647b9b549bcd7da981) Importer(815301076,1909f56bfc062723c751e8b465ee728b)  -> (artifact id: '76dcb7e6e749d7f881b714bd24565f3c') in 0.067051 seconds
  Import took 0.078578 seconds .

========================================================================
Received Prepare
Registering precompiled user dll's ...
Registered in 0.009329 seconds.
Begin MonoManager ReloadAssembly
Native extension for LinuxStandalone target not found
Native extension for WindowsStandalone target not found
Native extension for OSXStandalone target not found
Refreshing native plugins compatible for Editor in 1.07 ms, found 0 plugins.
Preloading 0 native plugins for Editor in 0.00 ms.
Warning: Annotation not found!
UnityEngine.StackTraceUtility:ExtractStackTrace () (at /home/bokken/buildslave/unity/build/Runtime/Export/Scripting/StackTrace.cs:37)
UnityEditor.ProBuilder.EditorUtility:SetGizmoIconEnabled (System.Type,bool) (at Library/PackageCache/com.unity.probuilder@4.4.0/Editor/EditorCore/EditorUtility.cs:593)
UnityEditor.ProBuilder.HierarchyListener:.cctor () (at Library/PackageCache/com.unity.probuilder@4.4.0/Editor/EditorCore/HierarchyListener.cs:21)
System.Runtime.CompilerServices.RuntimeHelpers:RunClassConstructor (System.RuntimeTypeHandle)
UnityEditor.EditorAssemblies:ProcessInitializeOnLoadAttributes (System.Type[]) (at /home/bokken/buildslave/unity/build/Editor/Mono/EditorAssemblies.cs:114)

[Library/PackageCache/com.unity.probuilder@4.4.0/Editor/EditorCore/EditorUtility.cs line 593]

Invoked RoslynAnalysisRunner static constructor.
RoslynAnalysisRunner will not be running.
RoslynAnalysisRunner has terminated.
Mono: successfully reloaded assembly
- Completed reload, in  2.419 seconds
Platform modules already initialized, skipping
Shader 'Universal Render Pipeline/Particles/Lit': fallback shader 'Universal Render Pipeline/Particles/SimpleLit' not found
Refreshing native plugins compatible for Editor in 1.04 ms, found 0 plugins.
Preloading 0 native plugins for Editor in 0.00 ms.
Unloading 3001 Unused Serialized files (Serialized files now loaded: 0)
System memory in use before: 135.7 MB.
System memory in use after: 135.8 MB.

Unloading 30 unused Assets to reduce memory usage. Loaded Objects now: 4001.
Total: 59.824392 ms (FindLiveObjects: 0.400949 ms CreateObjectMapping: 0.197270 ms MarkObjects: 59.012554 ms  DeleteObjects: 0.211738 ms)

========================================================================
Received Import Request.
  Time since last request: 129.155366 seconds.
  path: Assets/Prefabs/Objects (Prefabs)/Player.prefab
  artifactKey: Guid(51b3a7c81ff3af647b9b549bcd7da981) Importer(815301076,1909f56bfc062723c751e8b465ee728b)
Start importing Assets/Prefabs/Objects (Prefabs)/Player.prefab using Guid(51b3a7c81ff3af647b9b549bcd7da981) Importer(815301076,1909f56bfc062723c751e8b465ee728b)  -> (artifact id: '77d518612308c57444f3b705211b650f') in 0.317593 seconds
  Import took 0.326896 seconds .

========================================================================
Received Import Request.
  Time since last request: 0.038788 seconds.
  path: Assets/Prefabs/Objects (Prefabs)/Player.prefab
  artifactKey: Guid(51b3a7c81ff3af647b9b549bcd7da981) Importer(815301076,1909f56bfc062723c751e8b465ee728b)
Start importing Assets/Prefabs/Objects (Prefabs)/Player.prefab using Guid(51b3a7c81ff3af647b9b549bcd7da981) Importer(815301076,1909f56bfc062723c751e8b465ee728b)  -> (artifact id: '77d518612308c57444f3b705211b650f') in 0.046711 seconds
  Import took 0.055622 seconds .

========================================================================
Received Import Request.
  Time since last request: 5.328222 seconds.
  path: Assets/Prefabs/Objects (Prefabs)/Player.prefab
  artifactKey: Guid(51b3a7c81ff3af647b9b549bcd7da981) Importer(815301076,1909f56bfc062723c751e8b465ee728b)
Start importing Assets/Prefabs/Objects (Prefabs)/Player.prefab using Guid(51b3a7c81ff3af647b9b549bcd7da981) Importer(815301076,1909f56bfc062723c751e8b465ee728b)  -> (artifact id: '2043542264d2cc841a5203bdcff8457a') in 0.053684 seconds
  Import took 0.064071 seconds .

========================================================================
Received Import Request.
  Time since last request: 6.086176 seconds.
  path: Assets/Prefabs/Objects (Prefabs)/Player.prefab
  artifactKey: Guid(51b3a7c81ff3af647b9b549bcd7da981) Importer(815301076,1909f56bfc062723c751e8b465ee728b)
Start importing Assets/Prefabs/Objects (Prefabs)/Player.prefab using Guid(51b3a7c81ff3af647b9b549bcd7da981) Importer(815301076,1909f56bfc062723c751e8b465ee728b)  -> (artifact id: 'c5ef4d952d7c03689349183a572957ad') in 0.055764 seconds
  Import took 0.065367 seconds .

========================================================================
Received Prepare
Registering precompiled user dll's ...
Registered in 0.016614 seconds.
Begin MonoManager ReloadAssembly
Native extension for LinuxStandalone target not found
Native extension for WindowsStandalone target not found
Native extension for OSXStandalone target not found
Refreshing native plugins compatible for Editor in 1.29 ms, found 0 plugins.
Preloading 0 native plugins for Editor in 0.00 ms.
Warning: Annotation not found!
UnityEngine.StackTraceUtility:ExtractStackTrace () (at /home/bokken/buildslave/unity/build/Runtime/Export/Scripting/StackTrace.cs:37)
UnityEditor.ProBuilder.EditorUtility:SetGizmoIconEnabled (System.Type,bool) (at Library/PackageCache/com.unity.probuilder@4.4.0/Editor/EditorCore/EditorUtility.cs:593)
UnityEditor.ProBuilder.HierarchyListener:.cctor () (at Library/PackageCache/com.unity.probuilder@4.4.0/Editor/EditorCore/HierarchyListener.cs:21)
System.Runtime.CompilerServices.RuntimeHelpers:RunClassConstructor (System.RuntimeTypeHandle)
UnityEditor.EditorAssemblies:ProcessInitializeOnLoadAttributes (System.Type[]) (at /home/bokken/buildslave/unity/build/Editor/Mono/EditorAssemblies.cs:114)

[Library/PackageCache/com.unity.probuilder@4.4.0/Editor/EditorCore/EditorUtility.cs line 593]

Invoked RoslynAnalysisRunner static constructor.
RoslynAnalysisRunner will not be running.
RoslynAnalysisRunner has terminated.
Mono: successfully reloaded assembly
- Completed reload, in  2.968 seconds
Platform modules already initialized, skipping
Shader 'Universal Render Pipeline/Particles/Lit': fallback shader 'Universal Render Pipeline/Particles/SimpleLit' not found
Refreshing native plugins compatible for Editor in 1.08 ms, found 0 plugins.
Preloading 0 native plugins for Editor in 0.00 ms.
Unloading 3001 Unused Serialized files (Serialized files now loaded: 0)
System memory in use before: 135.9 MB.
System memory in use after: 136.0 MB.

Unloading 30 unused Assets to reduce memory usage. Loaded Objects now: 4040.
Total: 67.771305 ms (FindLiveObjects: 0.467897 ms CreateObjectMapping: 0.288907 ms MarkObjects: 66.783469 ms  DeleteObjects: 0.228950 ms)

